[2019-11-18T11:12:28.872] [DEBUG] cheese - login => username:zs,password:123456
[2019-11-18T11:12:28.874] [DEBUG] cheese - zs
[2019-11-18T11:12:28.882] [DEBUG] cheese - null
[2019-11-18T11:12:28.883] [DEBUG] cheese - null
[2019-11-18T11:13:14.102] [DEBUG] cheese - login => username:admin,password:123456
[2019-11-18T11:13:14.102] [DEBUG] cheese - admin
[2019-11-18T11:13:14.107] [DEBUG] cheese - null
[2019-11-18T11:13:14.107] [DEBUG] cheese - null
[2019-11-19T11:40:29.275] [DEBUG] cheese - login => username:admin,password:123
[2019-11-19T11:40:29.276] [DEBUG] cheese - admin
[2019-11-19T11:40:29.302] [DEBUG] cheese - null
[2019-11-19T11:40:29.302] [DEBUG] cheese - null
[2019-11-19T11:40:40.734] [DEBUG] cheese - login => username:admin,password:123456
[2019-11-19T11:40:40.734] [DEBUG] cheese - admin
[2019-11-19T11:40:40.737] [DEBUG] cheese - null
[2019-11-19T11:40:40.737] [DEBUG] cheese - null
[2019-11-19T11:54:00.437] [DEBUG] cheese - login => username:zsaaa,password:123aaaa
[2019-11-19T11:54:00.437] [DEBUG] cheese - zsaaa
[2019-11-19T11:54:00.439] [DEBUG] cheese - null
[2019-11-19T11:54:00.439] [DEBUG] cheese - null
[2019-11-19T11:54:22.414] [DEBUG] cheese - login => username:admin,password:123456
[2019-11-19T11:54:22.414] [DEBUG] cheese - admin
[2019-11-19T11:54:22.416] [DEBUG] cheese - null
[2019-11-19T11:54:22.416] [DEBUG] cheese - null
[2019-11-19T13:12:57.159] [DEBUG] cheese - login => username:admin,password:123456
[2019-11-19T13:12:57.159] [DEBUG] cheese - admin
[2019-11-19T13:12:57.161] [DEBUG] cheese - null
[2019-11-19T13:12:57.162] [DEBUG] cheese - null
[2019-11-19T13:22:10.578] [DEBUG] cheese - login => username:admin,password:123456
[2019-11-19T13:22:10.578] [DEBUG] cheese - admin
[2019-11-19T13:22:10.580] [DEBUG] cheese - null
[2019-11-19T13:22:10.580] [DEBUG] cheese - null
[2019-11-19T13:24:01.673] [DEBUG] cheese - login => username:admin,password:123456
[2019-11-19T13:24:01.673] [DEBUG] cheese - admin
[2019-11-19T13:24:01.676] [DEBUG] cheese - null
[2019-11-19T13:24:01.676] [DEBUG] cheese - null
[2019-11-19T13:28:24.042] [DEBUG] cheese - login => username:admin,password:123456
[2019-11-19T13:28:24.042] [DEBUG] cheese - admin
[2019-11-19T13:28:24.045] [DEBUG] cheese - null
[2019-11-19T13:28:24.045] [DEBUG] cheese - null
[2019-11-19T13:29:09.405] [DEBUG] cheese - login => username:admin,password:123456
[2019-11-19T13:29:09.405] [DEBUG] cheese - admin
[2019-11-19T13:29:09.407] [DEBUG] cheese - null
[2019-11-19T13:29:09.407] [DEBUG] cheese - null
[2019-11-19T13:29:10.746] [DEBUG] cheese - login => username:admin,password:123456
[2019-11-19T13:29:10.746] [DEBUG] cheese - admin
[2019-11-19T13:29:10.749] [DEBUG] cheese - null
[2019-11-19T13:29:10.749] [DEBUG] cheese - null
[2019-11-19T13:29:11.410] [DEBUG] cheese - login => username:admin,password:123456
[2019-11-19T13:29:11.410] [DEBUG] cheese - admin
[2019-11-19T13:29:11.412] [DEBUG] cheese - null
[2019-11-19T13:29:11.412] [DEBUG] cheese - null
[2019-11-19T13:29:11.594] [DEBUG] cheese - login => username:admin,password:123456
[2019-11-19T13:29:11.594] [DEBUG] cheese - admin
[2019-11-19T13:29:11.596] [DEBUG] cheese - null
[2019-11-19T13:29:11.596] [DEBUG] cheese - null
[2019-11-19T13:29:11.778] [DEBUG] cheese - login => username:admin,password:123456
[2019-11-19T13:29:11.778] [DEBUG] cheese - admin
[2019-11-19T13:29:11.780] [DEBUG] cheese - null
[2019-11-19T13:29:11.780] [DEBUG] cheese - null
[2019-11-19T13:37:49.923] [DEBUG] cheese - login => username:admin,password:123456
[2019-11-19T13:37:49.923] [DEBUG] cheese - admin
[2019-11-19T13:37:49.926] [DEBUG] cheese - null
[2019-11-19T13:37:49.926] [DEBUG] cheese - null
[2019-11-19T13:37:53.731] [DEBUG] cheese - login => username:admin,password:123456
[2019-11-19T13:37:53.731] [DEBUG] cheese - admin
[2019-11-19T13:37:53.733] [DEBUG] cheese - null
[2019-11-19T13:37:53.733] [DEBUG] cheese - null
[2019-11-19T13:38:34.477] [DEBUG] cheese - login => username:admin,password:123456
[2019-11-19T13:38:34.477] [DEBUG] cheese - admin
[2019-11-19T13:38:34.479] [DEBUG] cheese - null
[2019-11-19T13:38:34.479] [DEBUG] cheese - null
[2019-11-19T13:38:47.477] [DEBUG] cheese - login => username:admin,password:123456
[2019-11-19T13:38:47.477] [DEBUG] cheese - admin
[2019-11-19T13:38:47.480] [DEBUG] cheese - null
[2019-11-19T13:38:47.480] [DEBUG] cheese - null
[2019-11-19T13:39:09.274] [DEBUG] cheese - login => username:admin,password:123456
[2019-11-19T13:39:09.274] [DEBUG] cheese - admin
[2019-11-19T13:39:09.276] [DEBUG] cheese - null
[2019-11-19T13:39:09.276] [DEBUG] cheese - null
[2019-11-19T13:40:43.969] [DEBUG] cheese - login => username:admin,password:123456
[2019-11-19T13:40:43.969] [DEBUG] cheese - admin
[2019-11-19T13:40:43.971] [DEBUG] cheese - null
[2019-11-19T13:40:43.971] [DEBUG] cheese - null
[2019-11-19T13:40:50.797] [DEBUG] cheese - login => username:admin2,password:123456
[2019-11-19T13:40:50.797] [DEBUG] cheese - admin2
[2019-11-19T13:40:50.799] [DEBUG] cheese - null
[2019-11-19T13:40:50.799] [DEBUG] cheese - null
[2019-11-19T13:40:51.778] [DEBUG] cheese - login => username:admin2,password:123456
[2019-11-19T13:40:51.778] [DEBUG] cheese - admin2
[2019-11-19T13:40:51.781] [DEBUG] cheese - null
[2019-11-19T13:40:51.781] [DEBUG] cheese - null
[2019-11-19T13:40:51.978] [DEBUG] cheese - login => username:admin2,password:123456
[2019-11-19T13:40:51.978] [DEBUG] cheese - admin2
[2019-11-19T13:40:51.981] [DEBUG] cheese - null
[2019-11-19T13:40:51.981] [DEBUG] cheese - null
[2019-11-19T13:40:52.178] [DEBUG] cheese - login => username:admin2,password:123456
[2019-11-19T13:40:52.178] [DEBUG] cheese - admin2
[2019-11-19T13:40:52.180] [DEBUG] cheese - null
[2019-11-19T13:40:52.181] [DEBUG] cheese - null
[2019-11-19T13:41:05.924] [DEBUG] cheese - login => username:admin11,password:123456
[2019-11-19T13:41:05.924] [DEBUG] cheese - admin11
[2019-11-19T13:41:05.927] [DEBUG] cheese - null
[2019-11-19T13:41:05.927] [DEBUG] cheese - null
[2019-11-19T13:41:07.010] [DEBUG] cheese - login => username:admin11,password:123456
[2019-11-19T13:41:07.010] [DEBUG] cheese - admin11
[2019-11-19T13:41:07.012] [DEBUG] cheese - null
[2019-11-19T13:41:07.012] [DEBUG] cheese - null
[2019-11-19T13:41:07.226] [DEBUG] cheese - login => username:admin11,password:123456
[2019-11-19T13:41:07.226] [DEBUG] cheese - admin11
[2019-11-19T13:41:07.229] [DEBUG] cheese - null
[2019-11-19T13:41:07.229] [DEBUG] cheese - null
[2019-11-19T13:41:10.055] [DEBUG] cheese - login => username:admin,password:123456
[2019-11-19T13:41:10.055] [DEBUG] cheese - admin
[2019-11-19T13:41:10.057] [DEBUG] cheese - null
[2019-11-19T13:41:10.057] [DEBUG] cheese - null
[2019-11-19T13:41:12.372] [DEBUG] cheese - login => username:admin111,password:123456
[2019-11-19T13:41:12.372] [DEBUG] cheese - admin111
[2019-11-19T13:41:12.376] [DEBUG] cheese - null
[2019-11-19T13:41:12.376] [DEBUG] cheese - null
[2019-11-19T13:41:12.978] [DEBUG] cheese - login => username:admin111,password:123456
[2019-11-19T13:41:12.978] [DEBUG] cheese - admin111
[2019-11-19T13:41:12.980] [DEBUG] cheese - null
[2019-11-19T13:41:12.980] [DEBUG] cheese - null
[2019-11-19T13:41:13.170] [DEBUG] cheese - login => username:admin111,password:123456
[2019-11-19T13:41:13.170] [DEBUG] cheese - admin111
[2019-11-19T13:41:13.173] [DEBUG] cheese - null
[2019-11-19T13:41:13.173] [DEBUG] cheese - null
[2019-11-19T13:41:33.132] [DEBUG] cheese - login => username:admin22,password:123456
[2019-11-19T13:41:33.132] [DEBUG] cheese - admin22
[2019-11-19T13:41:33.134] [DEBUG] cheese - null
[2019-11-19T13:41:33.134] [DEBUG] cheese - null
[2019-11-19T13:41:33.930] [DEBUG] cheese - login => username:admin22,password:123456
[2019-11-19T13:41:33.930] [DEBUG] cheese - admin22
[2019-11-19T13:41:33.933] [DEBUG] cheese - null
[2019-11-19T13:41:33.933] [DEBUG] cheese - null
[2019-11-19T13:41:34.818] [DEBUG] cheese - login => username:admin22,password:123456
[2019-11-19T13:41:34.818] [DEBUG] cheese - admin22
[2019-11-19T13:41:34.820] [DEBUG] cheese - null
[2019-11-19T13:41:34.820] [DEBUG] cheese - null
[2019-11-19T13:41:59.532] [DEBUG] cheese - login => username:admin22,password:123456
[2019-11-19T13:41:59.532] [DEBUG] cheese - admin22
[2019-11-19T13:41:59.534] [DEBUG] cheese - null
[2019-11-19T13:41:59.534] [DEBUG] cheese - null
[2019-11-19T13:42:01.226] [DEBUG] cheese - login => username:admin22,password:123456
[2019-11-19T13:42:01.226] [DEBUG] cheese - admin22
[2019-11-19T13:42:01.228] [DEBUG] cheese - null
[2019-11-19T13:42:01.228] [DEBUG] cheese - null
[2019-11-19T13:42:01.562] [DEBUG] cheese - login => username:admin22,password:123456
[2019-11-19T13:42:01.562] [DEBUG] cheese - admin22
[2019-11-19T13:42:01.564] [DEBUG] cheese - null
[2019-11-19T13:42:01.564] [DEBUG] cheese - null
[2019-11-19T13:42:01.836] [DEBUG] cheese - login => username:admin22,password:123456
[2019-11-19T13:42:01.836] [DEBUG] cheese - admin22
[2019-11-19T13:42:01.838] [DEBUG] cheese - null
[2019-11-19T13:42:01.838] [DEBUG] cheese - null
[2019-11-19T13:42:02.049] [DEBUG] cheese - login => username:admin22,password:123456
[2019-11-19T13:42:02.050] [DEBUG] cheese - admin22
[2019-11-19T13:42:02.052] [DEBUG] cheese - null
[2019-11-19T13:42:02.052] [DEBUG] cheese - null
[2019-11-19T13:42:02.226] [DEBUG] cheese - login => username:admin22,password:123456
[2019-11-19T13:42:02.226] [DEBUG] cheese - admin22
[2019-11-19T13:42:02.228] [DEBUG] cheese - null
[2019-11-19T13:42:02.228] [DEBUG] cheese - null
[2019-11-19T13:42:02.409] [DEBUG] cheese - login => username:admin22,password:123456
[2019-11-19T13:42:02.409] [DEBUG] cheese - admin22
[2019-11-19T13:42:02.411] [DEBUG] cheese - null
[2019-11-19T13:42:02.411] [DEBUG] cheese - null
[2019-11-19T13:42:02.570] [DEBUG] cheese - login => username:admin22,password:123456
[2019-11-19T13:42:02.570] [DEBUG] cheese - admin22
[2019-11-19T13:42:02.573] [DEBUG] cheese - null
[2019-11-19T13:42:02.573] [DEBUG] cheese - null
[2019-11-19T13:42:02.762] [DEBUG] cheese - login => username:admin22,password:123456
[2019-11-19T13:42:02.762] [DEBUG] cheese - admin22
[2019-11-19T13:42:02.764] [DEBUG] cheese - null
[2019-11-19T13:42:02.764] [DEBUG] cheese - null
[2019-11-19T13:42:07.908] [DEBUG] cheese - login => username:admin,password:123456
[2019-11-19T13:42:07.908] [DEBUG] cheese - admin
[2019-11-19T13:42:07.911] [DEBUG] cheese - null
[2019-11-19T13:42:07.911] [DEBUG] cheese - null
[2019-11-19T13:42:08.089] [DEBUG] cheese - login => username:admin,password:123456
[2019-11-19T13:42:08.089] [DEBUG] cheese - admin
[2019-11-19T13:42:08.092] [DEBUG] cheese - null
[2019-11-19T13:42:08.092] [DEBUG] cheese - null
[2019-11-19T13:42:08.274] [DEBUG] cheese - login => username:admin,password:123456
[2019-11-19T13:42:08.274] [DEBUG] cheese - admin
[2019-11-19T13:42:08.277] [DEBUG] cheese - null
[2019-11-19T13:42:08.277] [DEBUG] cheese - null
[2019-11-19T13:42:08.458] [DEBUG] cheese - login => username:admin,password:123456
[2019-11-19T13:42:08.458] [DEBUG] cheese - admin
[2019-11-19T13:42:08.461] [DEBUG] cheese - null
[2019-11-19T13:42:08.461] [DEBUG] cheese - null
[2019-11-19T13:42:08.642] [DEBUG] cheese - login => username:admin,password:123456
[2019-11-19T13:42:08.642] [DEBUG] cheese - admin
[2019-11-19T13:42:08.644] [DEBUG] cheese - null
[2019-11-19T13:42:08.644] [DEBUG] cheese - null
[2019-11-19T13:42:08.833] [DEBUG] cheese - login => username:admin,password:123456
[2019-11-19T13:42:08.834] [DEBUG] cheese - admin
[2019-11-19T13:42:08.836] [DEBUG] cheese - null
[2019-11-19T13:42:08.836] [DEBUG] cheese - null
[2019-11-19T13:42:09.010] [DEBUG] cheese - login => username:admin,password:123456
[2019-11-19T13:42:09.010] [DEBUG] cheese - admin
[2019-11-19T13:42:09.013] [DEBUG] cheese - null
[2019-11-19T13:42:09.013] [DEBUG] cheese - null
[2019-11-19T13:42:09.186] [DEBUG] cheese - login => username:admin,password:123456
[2019-11-19T13:42:09.186] [DEBUG] cheese - admin
[2019-11-19T13:42:09.188] [DEBUG] cheese - null
[2019-11-19T13:42:09.189] [DEBUG] cheese - null
[2019-11-19T13:42:09.385] [DEBUG] cheese - login => username:admin,password:123456
[2019-11-19T13:42:09.385] [DEBUG] cheese - admin
[2019-11-19T13:42:09.387] [DEBUG] cheese - null
[2019-11-19T13:42:09.387] [DEBUG] cheese - null
[2019-11-19T13:50:40.979] [DEBUG] cheese - login => username:admin,password:123456
[2019-11-19T13:50:40.979] [DEBUG] cheese - admin
[2019-11-19T13:50:40.983] [DEBUG] cheese - null
[2019-11-19T13:50:40.983] [DEBUG] cheese - null
[2019-11-19T15:07:32.945] [DEBUG] cheese - login => username:admin,password:123456
[2019-11-19T15:07:32.945] [DEBUG] cheese - admin
[2019-11-19T15:07:32.949] [DEBUG] cheese - null
[2019-11-19T15:07:32.949] [DEBUG] cheese - null
[2019-11-19T15:12:29.758] [DEBUG] cheese - login => username:admin1,password:123456
[2019-11-19T15:12:29.758] [DEBUG] cheese - admin1
[2019-11-19T15:12:29.760] [DEBUG] cheese - null
[2019-11-19T15:12:29.760] [DEBUG] cheese - null
[2019-11-19T15:12:30.313] [DEBUG] cheese - login => username:admin1,password:123456
[2019-11-19T15:12:30.313] [DEBUG] cheese - admin1
[2019-11-19T15:12:30.315] [DEBUG] cheese - null
[2019-11-19T15:12:30.315] [DEBUG] cheese - null
[2019-11-19T15:12:30.681] [DEBUG] cheese - login => username:admin1,password:123456
[2019-11-19T15:12:30.681] [DEBUG] cheese - admin1
[2019-11-19T15:12:30.683] [DEBUG] cheese - null
[2019-11-19T15:12:30.683] [DEBUG] cheese - null
[2019-11-19T15:12:30.920] [DEBUG] cheese - login => username:admin1,password:123456
[2019-11-19T15:12:30.921] [DEBUG] cheese - admin1
[2019-11-19T15:12:30.923] [DEBUG] cheese - null
[2019-11-19T15:12:30.923] [DEBUG] cheese - null
[2019-11-19T15:12:31.105] [DEBUG] cheese - login => username:admin1,password:123456
[2019-11-19T15:12:31.105] [DEBUG] cheese - admin1
[2019-11-19T15:12:31.108] [DEBUG] cheese - null
[2019-11-19T15:12:31.108] [DEBUG] cheese - null
[2019-11-19T15:12:31.273] [DEBUG] cheese - login => username:admin1,password:123456
[2019-11-19T15:12:31.273] [DEBUG] cheese - admin1
[2019-11-19T15:12:31.275] [DEBUG] cheese - null
[2019-11-19T15:12:31.275] [DEBUG] cheese - null
[2019-11-19T15:12:37.691] [DEBUG] cheese - login => username:admin1,password:123456
[2019-11-19T15:12:37.692] [DEBUG] cheese - admin1
[2019-11-19T15:12:37.693] [DEBUG] cheese - null
[2019-11-19T15:12:37.693] [DEBUG] cheese - null
[2019-11-19T15:12:37.865] [DEBUG] cheese - login => username:admin1,password:123456
[2019-11-19T15:12:37.865] [DEBUG] cheese - admin1
[2019-11-19T15:12:37.867] [DEBUG] cheese - null
[2019-11-19T15:12:37.867] [DEBUG] cheese - null
[2019-11-19T15:12:38.034] [DEBUG] cheese - login => username:admin1,password:123456
[2019-11-19T15:12:38.034] [DEBUG] cheese - admin1
[2019-11-19T15:12:38.036] [DEBUG] cheese - null
[2019-11-19T15:12:38.037] [DEBUG] cheese - null
[2019-11-19T15:12:38.185] [DEBUG] cheese - login => username:admin1,password:123456
[2019-11-19T15:12:38.185] [DEBUG] cheese - admin1
[2019-11-19T15:12:38.187] [DEBUG] cheese - null
[2019-11-19T15:12:38.187] [DEBUG] cheese - null
[2019-11-19T15:12:38.529] [DEBUG] cheese - login => username:admin1,password:123456
[2019-11-19T15:12:38.529] [DEBUG] cheese - admin1
[2019-11-19T15:12:38.532] [DEBUG] cheese - null
[2019-11-19T15:12:38.532] [DEBUG] cheese - null
[2019-11-19T15:12:38.713] [DEBUG] cheese - login => username:admin1,password:123456
[2019-11-19T15:12:38.713] [DEBUG] cheese - admin1
[2019-11-19T15:12:38.715] [DEBUG] cheese - null
[2019-11-19T15:12:38.715] [DEBUG] cheese - null
[2019-11-19T15:12:38.889] [DEBUG] cheese - login => username:admin1,password:123456
[2019-11-19T15:12:38.889] [DEBUG] cheese - admin1
[2019-11-19T15:12:38.891] [DEBUG] cheese - null
[2019-11-19T15:12:38.891] [DEBUG] cheese - null
[2019-11-19T15:12:39.073] [DEBUG] cheese - login => username:admin1,password:123456
[2019-11-19T15:12:39.073] [DEBUG] cheese - admin1
[2019-11-19T15:12:39.075] [DEBUG] cheese - null
[2019-11-19T15:12:39.075] [DEBUG] cheese - null
[2019-11-19T15:12:39.249] [DEBUG] cheese - login => username:admin1,password:123456
[2019-11-19T15:12:39.249] [DEBUG] cheese - admin1
[2019-11-19T15:12:39.251] [DEBUG] cheese - null
[2019-11-19T15:12:39.251] [DEBUG] cheese - null
[2019-11-19T15:12:39.433] [DEBUG] cheese - login => username:admin1,password:123456
[2019-11-19T15:12:39.433] [DEBUG] cheese - admin1
[2019-11-19T15:12:39.435] [DEBUG] cheese - null
[2019-11-19T15:12:39.435] [DEBUG] cheese - null
[2019-11-19T15:12:39.618] [DEBUG] cheese - login => username:admin1,password:123456
[2019-11-19T15:12:39.618] [DEBUG] cheese - admin1
[2019-11-19T15:12:39.620] [DEBUG] cheese - null
[2019-11-19T15:12:39.620] [DEBUG] cheese - null
[2019-11-19T15:12:39.793] [DEBUG] cheese - login => username:admin1,password:123456
[2019-11-19T15:12:39.793] [DEBUG] cheese - admin1
[2019-11-19T15:12:39.795] [DEBUG] cheese - null
[2019-11-19T15:12:39.795] [DEBUG] cheese - null
[2019-11-19T15:12:41.409] [DEBUG] cheese - login => username:admin1,password:123456
[2019-11-19T15:12:41.409] [DEBUG] cheese - admin1
[2019-11-19T15:12:41.411] [DEBUG] cheese - null
[2019-11-19T15:12:41.411] [DEBUG] cheese - null
[2019-11-19T15:12:41.617] [DEBUG] cheese - login => username:admin1,password:123456
[2019-11-19T15:12:41.617] [DEBUG] cheese - admin1
[2019-11-19T15:12:41.619] [DEBUG] cheese - null
[2019-11-19T15:12:41.619] [DEBUG] cheese - null
[2019-11-19T15:12:41.817] [DEBUG] cheese - login => username:admin1,password:123456
[2019-11-19T15:12:41.817] [DEBUG] cheese - admin1
[2019-11-19T15:12:41.819] [DEBUG] cheese - null
[2019-11-19T15:12:41.819] [DEBUG] cheese - null
[2019-11-19T15:12:41.994] [DEBUG] cheese - login => username:admin1,password:123456
[2019-11-19T15:12:41.994] [DEBUG] cheese - admin1
[2019-11-19T15:12:41.996] [DEBUG] cheese - null
[2019-11-19T15:12:41.996] [DEBUG] cheese - null
[2019-11-19T15:12:42.177] [DEBUG] cheese - login => username:admin1,password:123456
[2019-11-19T15:12:42.177] [DEBUG] cheese - admin1
[2019-11-19T15:12:42.180] [DEBUG] cheese - null
[2019-11-19T15:12:42.180] [DEBUG] cheese - null
[2019-11-19T15:12:42.353] [DEBUG] cheese - login => username:admin1,password:123456
[2019-11-19T15:12:42.353] [DEBUG] cheese - admin1
[2019-11-19T15:12:42.355] [DEBUG] cheese - null
[2019-11-19T15:12:42.355] [DEBUG] cheese - null
[2019-11-19T15:12:42.553] [DEBUG] cheese - login => username:admin1,password:123456
[2019-11-19T15:12:42.553] [DEBUG] cheese - admin1
[2019-11-19T15:12:42.555] [DEBUG] cheese - null
[2019-11-19T15:12:42.555] [DEBUG] cheese - null
[2019-11-19T15:12:42.731] [DEBUG] cheese - login => username:admin1,password:123456
[2019-11-19T15:12:42.731] [DEBUG] cheese - admin1
[2019-11-19T15:12:42.733] [DEBUG] cheese - null
[2019-11-19T15:12:42.733] [DEBUG] cheese - null
[2019-11-19T15:12:42.905] [DEBUG] cheese - login => username:admin1,password:123456
[2019-11-19T15:12:42.905] [DEBUG] cheese - admin1
[2019-11-19T15:12:42.907] [DEBUG] cheese - null
[2019-11-19T15:12:42.907] [DEBUG] cheese - null
[2019-11-19T15:12:43.089] [DEBUG] cheese - login => username:admin1,password:123456
[2019-11-19T15:12:43.089] [DEBUG] cheese - admin1
[2019-11-19T15:12:43.091] [DEBUG] cheese - null
[2019-11-19T15:12:43.091] [DEBUG] cheese - null
[2019-11-19T15:12:44.465] [DEBUG] cheese - login => username:admin1,password:123456
[2019-11-19T15:12:44.465] [DEBUG] cheese - admin1
[2019-11-19T15:12:44.467] [DEBUG] cheese - null
[2019-11-19T15:12:44.468] [DEBUG] cheese - null
[2019-11-19T15:12:44.705] [DEBUG] cheese - login => username:admin1,password:123456
[2019-11-19T15:12:44.705] [DEBUG] cheese - admin1
[2019-11-19T15:12:44.707] [DEBUG] cheese - null
[2019-11-19T15:12:44.707] [DEBUG] cheese - null
[2019-11-19T15:12:44.873] [DEBUG] cheese - login => username:admin1,password:123456
[2019-11-19T15:12:44.873] [DEBUG] cheese - admin1
[2019-11-19T15:12:44.875] [DEBUG] cheese - null
[2019-11-19T15:12:44.875] [DEBUG] cheese - null
[2019-11-19T15:12:45.057] [DEBUG] cheese - login => username:admin1,password:123456
[2019-11-19T15:12:45.057] [DEBUG] cheese - admin1
[2019-11-19T15:12:45.059] [DEBUG] cheese - null
[2019-11-19T15:12:45.059] [DEBUG] cheese - null
[2019-11-19T15:12:45.257] [DEBUG] cheese - login => username:admin1,password:123456
[2019-11-19T15:12:45.257] [DEBUG] cheese - admin1
[2019-11-19T15:12:45.259] [DEBUG] cheese - null
[2019-11-19T15:12:45.259] [DEBUG] cheese - null
[2019-11-19T15:12:45.417] [DEBUG] cheese - login => username:admin1,password:123456
[2019-11-19T15:12:45.417] [DEBUG] cheese - admin1
[2019-11-19T15:12:45.419] [DEBUG] cheese - null
[2019-11-19T15:12:45.419] [DEBUG] cheese - null
[2019-11-19T15:12:45.601] [DEBUG] cheese - login => username:admin1,password:123456
[2019-11-19T15:12:45.601] [DEBUG] cheese - admin1
[2019-11-19T15:12:45.603] [DEBUG] cheese - null
[2019-11-19T15:12:45.603] [DEBUG] cheese - null
[2019-11-19T15:12:45.785] [DEBUG] cheese - login => username:admin1,password:123456
[2019-11-19T15:12:45.786] [DEBUG] cheese - admin1
[2019-11-19T15:12:45.787] [DEBUG] cheese - null
[2019-11-19T15:12:45.787] [DEBUG] cheese - null
[2019-11-19T15:12:45.978] [DEBUG] cheese - login => username:admin1,password:123456
[2019-11-19T15:12:45.978] [DEBUG] cheese - admin1
[2019-11-19T15:12:45.980] [DEBUG] cheese - null
[2019-11-19T15:12:45.980] [DEBUG] cheese - null
[2019-11-19T15:12:46.169] [DEBUG] cheese - login => username:admin1,password:123456
[2019-11-19T15:12:46.169] [DEBUG] cheese - admin1
[2019-11-19T15:12:46.171] [DEBUG] cheese - null
[2019-11-19T15:12:46.171] [DEBUG] cheese - null
[2019-11-19T15:22:11.206] [DEBUG] cheese - login => username:admin1,password:123456
[2019-11-19T15:22:11.206] [DEBUG] cheese - admin1
[2019-11-19T15:22:11.208] [DEBUG] cheese - null
[2019-11-19T15:22:11.208] [DEBUG] cheese - null
[2019-11-19T15:22:19.156] [DEBUG] cheese - login => username:admin1,password:123456
[2019-11-19T15:22:19.156] [DEBUG] cheese - admin1
[2019-11-19T15:22:19.158] [DEBUG] cheese - null
[2019-11-19T15:22:19.158] [DEBUG] cheese - null
[2019-11-19T15:22:22.578] [DEBUG] cheese - login => username:admin,password:123456
[2019-11-19T15:22:22.578] [DEBUG] cheese - admin
[2019-11-19T15:22:22.580] [DEBUG] cheese - null
[2019-11-19T15:22:22.580] [DEBUG] cheese - null
[2019-11-19T15:22:29.621] [DEBUG] cheese - login => username:admin1,password:123456
[2019-11-19T15:22:29.621] [DEBUG] cheese - admin1
[2019-11-19T15:22:29.623] [DEBUG] cheese - null
[2019-11-19T15:22:29.623] [DEBUG] cheese - null
[2019-11-19T15:23:56.781] [DEBUG] cheese - login => username:admin1,password:123456
[2019-11-19T15:23:56.781] [DEBUG] cheese - admin1
[2019-11-19T15:23:56.783] [DEBUG] cheese - null
[2019-11-19T15:23:56.783] [DEBUG] cheese - null
[2019-11-19T15:23:58.009] [DEBUG] cheese - login => username:admin1,password:123456
[2019-11-19T15:23:58.009] [DEBUG] cheese - admin1
[2019-11-19T15:23:58.011] [DEBUG] cheese - null
[2019-11-19T15:23:58.012] [DEBUG] cheese - null
[2019-11-19T15:25:22.772] [DEBUG] cheese - login => username:admin,password:123456
[2019-11-19T15:25:22.772] [DEBUG] cheese - admin
[2019-11-19T15:25:22.775] [DEBUG] cheese - null
[2019-11-19T15:25:22.775] [DEBUG] cheese - null
[2019-11-19T15:25:27.074] [DEBUG] cheese - login => username:admin,password:1234563
[2019-11-19T15:25:27.074] [DEBUG] cheese - admin
[2019-11-19T15:25:27.076] [DEBUG] cheese - null
[2019-11-19T15:25:27.076] [DEBUG] cheese - null
[2019-11-19T15:25:28.299] [DEBUG] cheese - login => username:admin,password:1234563
[2019-11-19T15:25:28.299] [DEBUG] cheese - admin
[2019-11-19T15:25:28.301] [DEBUG] cheese - null
[2019-11-19T15:25:28.301] [DEBUG] cheese - null
[2019-11-19T15:26:29.883] [DEBUG] cheese - login => username:admin,password:123456
[2019-11-19T15:26:29.883] [DEBUG] cheese - admin
[2019-11-19T15:26:29.886] [DEBUG] cheese - null
[2019-11-19T15:26:29.886] [DEBUG] cheese - null
[2019-11-19T15:27:48.100] [DEBUG] cheese - login => username:admin,password:123456
[2019-11-19T15:27:48.100] [DEBUG] cheese - admin
[2019-11-19T15:27:48.102] [DEBUG] cheese - null
[2019-11-19T15:27:48.102] [DEBUG] cheese - null
[2019-11-19T15:27:55.900] [DEBUG] cheese - login => username:admin,password:123456
[2019-11-19T15:27:55.900] [DEBUG] cheese - admin
[2019-11-19T15:27:55.902] [DEBUG] cheese - null
[2019-11-19T15:27:55.902] [DEBUG] cheese - null
[2019-11-19T15:28:47.457] [DEBUG] cheese - login => username:admin,password:123456
[2019-11-19T15:28:47.457] [DEBUG] cheese - admin
[2019-11-19T15:28:47.460] [DEBUG] cheese - null
[2019-11-19T15:28:47.460] [DEBUG] cheese - null
[2019-11-19T15:32:57.505] [DEBUG] cheese - login => username:admin,password:123456
[2019-11-19T15:32:57.505] [DEBUG] cheese - admin
[2019-11-19T15:32:57.507] [DEBUG] cheese - null
[2019-11-19T15:32:57.507] [DEBUG] cheese - null
[2019-11-19T15:37:01.469] [DEBUG] cheese - login => username:admin,password:123456
[2019-11-19T15:37:01.470] [DEBUG] cheese - admin
[2019-11-19T15:37:01.472] [DEBUG] cheese - null
[2019-11-19T15:37:01.472] [DEBUG] cheese - null
[2019-11-19T15:40:13.431] [DEBUG] cheese - login => username:admin,password:123456
[2019-11-19T15:40:13.431] [DEBUG] cheese - admin
[2019-11-19T15:40:13.433] [DEBUG] cheese - null
[2019-11-19T15:40:13.433] [DEBUG] cheese - null
[2019-11-19T15:41:05.652] [DEBUG] cheese - login => username:admin,password:123456
[2019-11-19T15:41:05.652] [DEBUG] cheese - admin
[2019-11-19T15:41:05.654] [DEBUG] cheese - null
[2019-11-19T15:41:05.654] [DEBUG] cheese - null
[2019-11-19T15:42:30.128] [DEBUG] cheese - login => username:admin,password:123456
[2019-11-19T15:42:30.128] [DEBUG] cheese - admin
[2019-11-19T15:42:30.130] [DEBUG] cheese - null
[2019-11-19T15:42:30.130] [DEBUG] cheese - null
[2019-11-19T15:43:48.307] [DEBUG] cheese - login => username:admin,password:123456
[2019-11-19T15:43:48.307] [DEBUG] cheese - admin
[2019-11-19T15:43:48.310] [DEBUG] cheese - null
[2019-11-19T15:43:48.310] [DEBUG] cheese - null
[2019-11-19T15:44:48.153] [DEBUG] cheese - login => username:admin,password:123456
[2019-11-19T15:44:48.153] [DEBUG] cheese - admin
[2019-11-19T15:44:48.156] [DEBUG] cheese - null
[2019-11-19T15:44:48.156] [DEBUG] cheese - null
[2019-11-19T15:45:43.792] [DEBUG] cheese - login => username:admin,password:123456
[2019-11-19T15:45:43.792] [DEBUG] cheese - admin
[2019-11-19T15:45:43.795] [DEBUG] cheese - null
[2019-11-19T15:45:43.795] [DEBUG] cheese - null
[2019-11-19T15:46:24.054] [DEBUG] cheese - login => username:admin,password:123456
[2019-11-19T15:46:24.054] [DEBUG] cheese - admin
[2019-11-19T15:46:24.057] [DEBUG] cheese - null
[2019-11-19T15:46:24.057] [DEBUG] cheese - null
[2019-11-19T15:48:30.001] [DEBUG] cheese - login => username:admin,password:123456
[2019-11-19T15:48:30.001] [DEBUG] cheese - admin
[2019-11-19T15:48:30.004] [DEBUG] cheese - null
[2019-11-19T15:48:30.004] [DEBUG] cheese - null
[2019-11-19T16:51:23.577] [DEBUG] cheese - login => username:admin,password:123456
[2019-11-19T16:51:23.577] [DEBUG] cheese - admin
[2019-11-19T16:51:23.583] [DEBUG] cheese - null
[2019-11-19T16:51:23.583] [DEBUG] cheese - null
[2019-11-19T17:13:14.134] [DEBUG] cheese - login => username:admin,password:123456
[2019-11-19T17:13:14.134] [DEBUG] cheese - admin
[2019-11-19T17:13:14.138] [DEBUG] cheese - null
[2019-11-19T17:13:14.138] [DEBUG] cheese - null
[2019-11-19T17:32:57.287] [DEBUG] cheese - login => username:admin,password:123456
[2019-11-19T17:32:57.287] [DEBUG] cheese - admin
[2019-11-19T17:32:57.289] [DEBUG] cheese - null
[2019-11-19T17:32:57.289] [DEBUG] cheese - null
[2019-11-20T09:16:17.912] [DEBUG] cheese - login => username:admin,password:123456
[2019-11-20T09:16:17.912] [DEBUG] cheese - admin
[2019-11-20T09:16:17.920] [DEBUG] cheese - null
[2019-11-20T09:16:17.920] [DEBUG] cheese - null
[2019-11-20T09:29:02.823] [DEBUG] cheese - login => username:admin,password:123456
[2019-11-20T09:29:02.823] [DEBUG] cheese - admin
[2019-11-20T09:29:02.825] [DEBUG] cheese - null
[2019-11-20T09:29:02.825] [DEBUG] cheese - null
[2019-11-20T09:38:29.782] [DEBUG] cheese - login => username:admin,password:123456
[2019-11-20T09:38:29.782] [DEBUG] cheese - admin
[2019-11-20T09:38:29.785] [DEBUG] cheese - null
[2019-11-20T09:38:29.785] [DEBUG] cheese - null
[2019-11-20T09:38:42.953] [DEBUG] cheese - login => username:admin,password:123456
[2019-11-20T09:38:42.953] [DEBUG] cheese - admin
[2019-11-20T09:38:42.955] [DEBUG] cheese - null
[2019-11-20T09:38:42.955] [DEBUG] cheese - null
[2019-11-20T09:38:53.937] [DEBUG] cheese - login => username:admin,password:123456
[2019-11-20T09:38:53.937] [DEBUG] cheese - admin
[2019-11-20T09:38:53.940] [DEBUG] cheese - null
[2019-11-20T09:38:53.940] [DEBUG] cheese - null
[2019-11-20T09:49:23.516] [DEBUG] cheese - login => username:admin,password:123456
[2019-11-20T09:49:23.516] [DEBUG] cheese - admin
[2019-11-20T09:49:23.518] [DEBUG] cheese - null
[2019-11-20T09:49:23.518] [DEBUG] cheese - null
[2019-11-20T09:54:03.395] [DEBUG] cheese - login => username:admin,password:123456
[2019-11-20T09:54:03.395] [DEBUG] cheese - admin
[2019-11-20T09:54:03.397] [DEBUG] cheese - null
[2019-11-20T09:54:03.397] [DEBUG] cheese - null
[2019-11-20T09:58:00.887] [DEBUG] cheese - login => username:admin,password:123456
[2019-11-20T09:58:00.887] [DEBUG] cheese - admin
[2019-11-20T09:58:00.889] [DEBUG] cheese - null
[2019-11-20T09:58:00.889] [DEBUG] cheese - null
[2019-11-20T10:02:48.074] [DEBUG] cheese - login => username:admin,password:123456
[2019-11-20T10:02:48.074] [DEBUG] cheese - admin
[2019-11-20T10:02:48.077] [DEBUG] cheese - null
[2019-11-20T10:02:48.077] [DEBUG] cheese - null
[2019-11-20T10:26:13.251] [DEBUG] cheese - login => username:admin,password:123456
[2019-11-20T10:26:13.251] [DEBUG] cheese - admin
[2019-11-20T10:26:13.253] [DEBUG] cheese - null
[2019-11-20T10:26:13.253] [DEBUG] cheese - null
[2019-11-20T10:28:03.316] [DEBUG] cheese - login => username:admin,password:123456
[2019-11-20T10:28:03.316] [DEBUG] cheese - admin
[2019-11-20T10:28:03.319] [DEBUG] cheese - null
[2019-11-20T10:28:03.319] [DEBUG] cheese - null
[2019-11-20T10:28:54.673] [DEBUG] cheese - login => username:admin,password:123456
[2019-11-20T10:28:54.673] [DEBUG] cheese - admin
[2019-11-20T10:28:54.675] [DEBUG] cheese - null
[2019-11-20T10:28:54.675] [DEBUG] cheese - null
[2019-11-20T10:29:02.984] [DEBUG] cheese - login => username:admin,password:123456
[2019-11-20T10:29:02.984] [DEBUG] cheese - admin
[2019-11-20T10:29:02.986] [DEBUG] cheese - null
[2019-11-20T10:29:02.987] [DEBUG] cheese - null
[2019-11-20T10:41:12.783] [DEBUG] cheese - login => username:admin,password:123456
[2019-11-20T10:41:12.783] [DEBUG] cheese - admin
[2019-11-20T10:41:12.786] [DEBUG] cheese - null
[2019-11-20T10:41:12.786] [DEBUG] cheese - null
[2019-11-20T10:41:50.356] [DEBUG] cheese - login => username:admin,password:123456
[2019-11-20T10:41:50.356] [DEBUG] cheese - admin
[2019-11-20T10:41:50.358] [DEBUG] cheese - null
[2019-11-20T10:41:50.358] [DEBUG] cheese - null
[2019-11-20T10:46:36.099] [DEBUG] cheese - login => username:admin,password:123456
[2019-11-20T10:46:36.099] [DEBUG] cheese - admin
[2019-11-20T10:46:36.101] [DEBUG] cheese - null
[2019-11-20T10:46:36.101] [DEBUG] cheese - null
[2019-11-20T11:01:59.108] [DEBUG] cheese - login => username:admin,password:123456
[2019-11-20T11:01:59.108] [DEBUG] cheese - admin
[2019-11-20T11:01:59.110] [DEBUG] cheese - null
[2019-11-20T11:01:59.110] [DEBUG] cheese - null
[2019-11-20T11:05:18.894] [DEBUG] cheese - login => username:admin,password:123456
[2019-11-20T11:05:18.894] [DEBUG] cheese - admin
[2019-11-20T11:05:18.896] [DEBUG] cheese - null
[2019-11-20T11:05:18.896] [DEBUG] cheese - null
[2019-11-20T11:05:44.182] [DEBUG] cheese - login => username:admin,password:123456
[2019-11-20T11:05:44.182] [DEBUG] cheese - admin
[2019-11-20T11:05:44.184] [DEBUG] cheese - null
[2019-11-20T11:05:44.184] [DEBUG] cheese - null
[2019-11-20T11:08:08.926] [DEBUG] cheese - login => username:admin,password:123456
[2019-11-20T11:08:08.926] [DEBUG] cheese - admin
[2019-11-20T11:08:08.928] [DEBUG] cheese - null
[2019-11-20T11:08:08.928] [DEBUG] cheese - null
[2019-11-20T11:14:54.243] [DEBUG] cheese - login => username:admin,password:123456
[2019-11-20T11:14:54.243] [DEBUG] cheese - admin
[2019-11-20T11:14:54.245] [DEBUG] cheese - null
[2019-11-20T11:14:54.245] [DEBUG] cheese - null
[2019-11-20T11:18:30.163] [DEBUG] cheese - login => username:admin,password:123456
[2019-11-20T11:18:30.163] [DEBUG] cheese - admin
[2019-11-20T11:18:30.165] [DEBUG] cheese - null
[2019-11-20T11:18:30.165] [DEBUG] cheese - null
[2019-11-20T11:21:09.821] [DEBUG] cheese - login => username:admin,password:123456
[2019-11-20T11:21:09.821] [DEBUG] cheese - admin
[2019-11-20T11:21:09.824] [DEBUG] cheese - null
[2019-11-20T11:21:09.825] [DEBUG] cheese - null
[2019-11-20T11:22:07.750] [DEBUG] cheese - login => username:admin,password:123456
[2019-11-20T11:22:07.750] [DEBUG] cheese - admin
[2019-11-20T11:22:07.753] [DEBUG] cheese - null
[2019-11-20T11:22:07.753] [DEBUG] cheese - null
[2019-11-20T11:23:51.381] [DEBUG] cheese - login => username:admin,password:123456
[2019-11-20T11:23:51.381] [DEBUG] cheese - admin
[2019-11-20T11:23:51.383] [DEBUG] cheese - null
[2019-11-20T11:23:51.383] [DEBUG] cheese - null
[2019-11-20T11:24:42.949] [DEBUG] cheese - login => username:admin,password:123456
[2019-11-20T11:24:42.949] [DEBUG] cheese - admin
[2019-11-20T11:24:42.951] [DEBUG] cheese - null
[2019-11-20T11:24:42.951] [DEBUG] cheese - null
[2019-11-20T11:25:20.286] [DEBUG] cheese - login => username:admin,password:123456
[2019-11-20T11:25:20.286] [DEBUG] cheese - admin
[2019-11-20T11:25:20.288] [DEBUG] cheese - null
[2019-11-20T11:25:20.288] [DEBUG] cheese - null
[2019-11-20T11:25:47.990] [DEBUG] cheese - login => username:admin,password:123456
[2019-11-20T11:25:47.990] [DEBUG] cheese - admin
[2019-11-20T11:25:47.992] [DEBUG] cheese - null
[2019-11-20T11:25:47.992] [DEBUG] cheese - null
[2019-11-20T11:29:19.097] [DEBUG] cheese - login => username:admin,password:123456
[2019-11-20T11:29:19.097] [DEBUG] cheese - admin
[2019-11-20T11:29:19.098] [DEBUG] cheese - null
[2019-11-20T11:29:19.098] [DEBUG] cheese - null
[2019-11-20T11:30:00.912] [DEBUG] cheese - login => username:admin,password:123456
[2019-11-20T11:30:00.912] [DEBUG] cheese - admin
[2019-11-20T11:30:00.914] [DEBUG] cheese - null
[2019-11-20T11:30:00.914] [DEBUG] cheese - null
[2019-11-20T11:59:25.534] [DEBUG] cheese - login => username:admin,password:123456
[2019-11-20T11:59:25.534] [DEBUG] cheese - admin
[2019-11-20T11:59:25.535] [DEBUG] cheese - null
[2019-11-20T11:59:25.535] [DEBUG] cheese - null
[2019-11-20T13:49:41.173] [DEBUG] cheese - login => username:admin,password:123456
[2019-11-20T13:49:41.173] [DEBUG] cheese - admin
[2019-11-20T13:49:41.175] [DEBUG] cheese - null
[2019-11-20T13:49:41.175] [DEBUG] cheese - null
[2019-11-20T14:14:51.295] [DEBUG] cheese - login => username:admin,password:123456
[2019-11-20T14:14:51.295] [DEBUG] cheese - admin
[2019-11-20T14:14:51.298] [DEBUG] cheese - null
[2019-11-20T14:14:51.298] [DEBUG] cheese - null
[2019-11-20T14:16:36.753] [DEBUG] cheese - login => username:admin,password:123456
[2019-11-20T14:16:36.753] [DEBUG] cheese - admin
[2019-11-20T14:16:36.755] [DEBUG] cheese - null
[2019-11-20T14:16:36.755] [DEBUG] cheese - null
[2019-11-20T14:17:10.780] [DEBUG] cheese - login => username:admin,password:123456
[2019-11-20T14:17:10.780] [DEBUG] cheese - admin
[2019-11-20T14:17:10.782] [DEBUG] cheese - null
[2019-11-20T14:17:10.782] [DEBUG] cheese - null
[2019-11-20T14:19:19.158] [DEBUG] cheese - login => username:admin,password:123456
[2019-11-20T14:19:19.158] [DEBUG] cheese - admin
[2019-11-20T14:19:19.160] [DEBUG] cheese - null
[2019-11-20T14:19:19.160] [DEBUG] cheese - null
[2019-11-20T14:33:13.624] [DEBUG] cheese - login => username:admin,password:123456
[2019-11-20T14:33:13.624] [DEBUG] cheese - admin
[2019-11-20T14:33:13.627] [DEBUG] cheese - null
[2019-11-20T14:33:13.627] [DEBUG] cheese - null
[2019-11-20T14:34:03.727] [DEBUG] cheese - login => username:admin,password:123456
[2019-11-20T14:34:03.727] [DEBUG] cheese - admin
[2019-11-20T14:34:03.730] [DEBUG] cheese - null
[2019-11-20T14:34:03.730] [DEBUG] cheese - null
[2019-11-20T14:53:32.144] [DEBUG] cheese - login => username:admin,password:123456
[2019-11-20T14:53:32.144] [DEBUG] cheese - admin
[2019-11-20T14:53:32.146] [DEBUG] cheese - null
[2019-11-20T14:53:32.146] [DEBUG] cheese - null
[2019-11-20T15:27:57.829] [DEBUG] cheese - login => username:admin,password:123456
[2019-11-20T15:27:57.830] [DEBUG] cheese - admin
[2019-11-20T15:27:57.839] [DEBUG] cheese - null
[2019-11-20T15:27:57.839] [DEBUG] cheese - null
[2019-11-20T15:48:14.799] [DEBUG] cheese - login => username:admin,password:123456
[2019-11-20T15:48:14.800] [DEBUG] cheese - admin
[2019-11-20T15:48:14.803] [DEBUG] cheese - null
[2019-11-20T15:48:14.803] [DEBUG] cheese - null
[2019-11-20T16:32:01.263] [DEBUG] cheese - login => username:admin,password:123456
[2019-11-20T16:32:01.264] [DEBUG] cheese - admin
[2019-11-20T16:32:01.268] [DEBUG] cheese - null
[2019-11-20T16:32:01.268] [DEBUG] cheese - null
[2019-11-20T16:37:41.259] [DEBUG] cheese - login => username:admin,password:123456
[2019-11-20T16:37:41.259] [DEBUG] cheese - admin
[2019-11-20T16:37:41.263] [DEBUG] cheese - null
[2019-11-20T16:37:41.263] [DEBUG] cheese - null
[2019-11-21T09:10:06.641] [DEBUG] cheese - login => username:admin,password:123456
[2019-11-21T09:10:06.641] [DEBUG] cheese - admin
[2019-11-21T09:10:06.647] [DEBUG] cheese - null
[2019-11-21T09:10:06.648] [DEBUG] cheese - null
[2019-11-21T11:46:30.265] [DEBUG] cheese - login => username:admin,password:123456
[2019-11-21T11:46:30.265] [DEBUG] cheese - admin
[2019-11-21T11:46:30.269] [DEBUG] cheese - null
[2019-11-21T11:46:30.269] [DEBUG] cheese - null
[2019-11-21T11:52:38.804] [DEBUG] cheese - login => username:admin,password:123456
[2019-11-21T11:52:38.804] [DEBUG] cheese - admin
[2019-11-21T11:52:38.806] [DEBUG] cheese - null
[2019-11-21T11:52:38.806] [DEBUG] cheese - null
[2019-11-21T13:04:52.687] [DEBUG] cheese - login => username:admin,password:123456
[2019-11-21T13:04:52.687] [DEBUG] cheese - admin
[2019-11-21T13:04:52.690] [DEBUG] cheese - null
[2019-11-21T13:04:52.690] [DEBUG] cheese - null
[2019-11-21T13:30:25.920] [DEBUG] cheese - login => username:admin,password:123456
[2019-11-21T13:30:25.920] [DEBUG] cheese - admin
[2019-11-21T13:30:25.922] [DEBUG] cheese - null
[2019-11-21T13:30:25.922] [DEBUG] cheese - null
[2019-11-21T15:40:14.371] [DEBUG] cheese - login => username:admin,password:123456
[2019-11-21T15:40:14.371] [DEBUG] cheese - admin
[2019-11-21T15:40:14.375] [DEBUG] cheese - null
[2019-11-21T15:40:14.375] [DEBUG] cheese - null
[2019-11-22T09:19:13.675] [DEBUG] cheese - login => username:admin,password:123456
[2019-11-22T09:19:13.676] [DEBUG] cheese - admin
[2019-11-22T09:19:14.222] [DEBUG] cheese - null
[2019-11-22T09:19:14.222] [DEBUG] cheese - null
[2019-11-22T09:49:19.565] [DEBUG] cheese - login => username:admin,password:123456
[2019-11-22T09:49:19.565] [DEBUG] cheese - admin
[2019-11-22T09:49:19.568] [DEBUG] cheese - null
[2019-11-22T09:49:19.568] [DEBUG] cheese - null
[2019-11-22T09:49:34.972] [DEBUG] cheese - login => username:admin,password:123456
[2019-11-22T09:49:34.972] [DEBUG] cheese - admin
[2019-11-22T09:49:34.974] [DEBUG] cheese - null
[2019-11-22T09:49:34.974] [DEBUG] cheese - null
[2019-11-22T10:27:06.110] [DEBUG] cheese - login => username:admin,password:123456
[2019-11-22T10:27:06.110] [DEBUG] cheese - admin
[2019-11-22T10:27:06.113] [DEBUG] cheese - null
[2019-11-22T10:27:06.113] [DEBUG] cheese - null
[2019-11-22T10:30:14.759] [DEBUG] cheese - login => username:admin,password:123456
[2019-11-22T10:30:14.759] [DEBUG] cheese - admin
[2019-11-22T10:30:14.762] [DEBUG] cheese - null
[2019-11-22T10:30:14.762] [DEBUG] cheese - null
[2019-11-22T14:58:09.597] [DEBUG] cheese - login => username:admin,password:123456
[2019-11-22T14:58:09.598] [DEBUG] cheese - admin
[2019-11-22T14:58:09.603] [DEBUG] cheese - null
[2019-11-22T14:58:09.604] [DEBUG] cheese - null
[2019-11-22T15:41:17.110] [DEBUG] cheese - login => username:admin,password:123456
[2019-11-22T15:41:17.110] [DEBUG] cheese - admin
[2019-11-22T15:41:17.114] [DEBUG] cheese - null
[2019-11-22T15:41:17.114] [DEBUG] cheese - null
[2019-11-22T17:38:54.070] [DEBUG] cheese - login => username:admin,password:123456
[2019-11-22T17:38:54.071] [DEBUG] cheese - admin
[2019-11-22T17:38:54.079] [DEBUG] cheese - null
[2019-11-22T17:38:54.079] [DEBUG] cheese - null
[2019-11-25T08:57:50.456] [DEBUG] cheese - login => username:admin,password:123456
[2019-11-25T08:57:50.457] [DEBUG] cheese - admin
[2019-11-25T08:57:50.483] [DEBUG] cheese - null
[2019-11-25T08:57:50.484] [DEBUG] cheese - null
[2019-11-25T11:20:42.769] [DEBUG] cheese - login => username:admin,password:123456
[2019-11-25T11:20:42.769] [DEBUG] cheese - admin
[2019-11-25T11:20:42.772] [DEBUG] cheese - null
[2019-11-25T11:20:42.772] [DEBUG] cheese - null
[2019-11-25T13:27:23.737] [DEBUG] cheese - login => username:admin,password:123456
[2019-11-25T13:27:23.737] [DEBUG] cheese - admin
[2019-11-25T13:27:23.740] [DEBUG] cheese - null
[2019-11-25T13:27:23.740] [DEBUG] cheese - null
[2019-11-25T13:37:28.611] [DEBUG] cheese - login => username:admin,password:123456
[2019-11-25T13:37:28.611] [DEBUG] cheese - admin
[2019-11-25T13:37:28.613] [DEBUG] cheese - null
[2019-11-25T13:37:28.614] [DEBUG] cheese - null
[2019-11-26T11:01:07.798] [DEBUG] cheese - null
[2019-11-26T11:05:09.277] [DEBUG] cheese - null
[2019-11-26T11:06:48.322] [DEBUG] cheese - null
[2019-11-26T11:08:42.783] [DEBUG] cheese - null
[2019-11-26T11:10:23.971] [DEBUG] cheese - null
[2019-11-26T11:12:11.674] [DEBUG] cheese - null
[2019-11-26T11:12:57.217] [DEBUG] cheese - null
[2019-11-26T11:18:08.387] [DEBUG] cheese - null
[2019-11-26T11:18:13.187] [DEBUG] cheese - null
[2019-11-26T11:28:12.122] [DEBUG] cheese - login => username:admin,password:123456
[2019-11-26T11:28:12.122] [DEBUG] cheese - admin
[2019-11-26T11:28:12.127] [DEBUG] cheese - null
[2019-11-26T11:28:12.127] [DEBUG] cheese - null
[2019-11-26T11:28:56.072] [DEBUG] cheese - login => username:admin,password:123456
[2019-11-26T11:28:56.073] [DEBUG] cheese - admin
[2019-11-26T11:28:56.075] [DEBUG] cheese - null
[2019-11-26T11:28:56.076] [DEBUG] cheese - null
[2019-11-26T14:12:14.018] [DEBUG] cheese - login => username:admin,password:123456
[2019-11-26T14:12:14.020] [DEBUG] cheese - admin
[2019-11-26T14:12:14.028] [DEBUG] cheese - null
[2019-11-26T14:12:14.029] [DEBUG] cheese - null
[2019-11-27T08:56:16.845] [DEBUG] cheese - login => username:admin,password:123456
[2019-11-27T08:56:16.845] [DEBUG] cheese - admin
[2019-11-27T08:56:16.851] [DEBUG] cheese - null
[2019-11-27T08:56:16.851] [DEBUG] cheese - null
[2019-11-27T08:57:17.487] [DEBUG] cheese - login => username:admin,password:123456
[2019-11-27T08:57:17.487] [DEBUG] cheese - admin
[2019-11-27T08:57:17.490] [DEBUG] cheese - null
[2019-11-27T08:57:17.490] [DEBUG] cheese - null
[2019-11-27T15:19:07.110] [DEBUG] cheese - login => username:admin,password:123456
[2019-11-27T15:19:07.111] [DEBUG] cheese - admin
[2019-11-27T15:19:07.118] [DEBUG] cheese - null
[2019-11-27T15:19:07.118] [DEBUG] cheese - null
[2019-11-28T09:12:49.409] [DEBUG] cheese - login => username:admin,password:123456
[2019-11-28T09:12:49.410] [DEBUG] cheese - admin
[2019-11-28T09:12:49.419] [DEBUG] cheese - null
[2019-11-28T09:12:49.419] [DEBUG] cheese - null
[2019-11-29T13:05:50.433] [DEBUG] cheese - login => username:admin,password:123456
[2019-11-29T13:05:50.434] [DEBUG] cheese - admin
[2019-11-29T13:05:50.467] [DEBUG] cheese - null
[2019-11-29T13:05:50.468] [DEBUG] cheese - null
[2019-11-29T13:18:50.612] [DEBUG] cheese - login => username:admin,password:123456
[2019-11-29T13:18:50.613] [DEBUG] cheese - admin
[2019-11-29T13:18:50.615] [DEBUG] cheese - null
[2019-11-29T13:18:50.615] [DEBUG] cheese - null
[2019-11-29T13:19:48.178] [DEBUG] cheese - login => username:admin2,password:123456
[2019-11-29T13:19:48.178] [DEBUG] cheese - admin2
[2019-11-29T13:19:48.180] [DEBUG] cheese - null
[2019-11-29T13:19:48.180] [DEBUG] cheese - null
[2019-11-29T13:19:49.432] [DEBUG] cheese - login => username:admin2,password:123456
[2019-11-29T13:19:49.432] [DEBUG] cheese - admin2
[2019-11-29T13:19:49.434] [DEBUG] cheese - null
[2019-11-29T13:19:49.434] [DEBUG] cheese - null
[2019-11-29T13:19:50.015] [DEBUG] cheese - login => username:admin2,password:123456
[2019-11-29T13:19:50.015] [DEBUG] cheese - admin2
[2019-11-29T13:19:50.018] [DEBUG] cheese - null
[2019-11-29T13:19:50.018] [DEBUG] cheese - null
[2019-11-29T13:19:50.223] [DEBUG] cheese - login => username:admin2,password:123456
[2019-11-29T13:19:50.223] [DEBUG] cheese - admin2
[2019-11-29T13:19:50.226] [DEBUG] cheese - null
[2019-11-29T13:19:50.226] [DEBUG] cheese - null
[2019-11-29T13:19:50.407] [DEBUG] cheese - login => username:admin2,password:123456
[2019-11-29T13:19:50.407] [DEBUG] cheese - admin2
[2019-11-29T13:19:50.410] [DEBUG] cheese - null
[2019-11-29T13:19:50.410] [DEBUG] cheese - null
[2019-11-29T13:19:50.568] [DEBUG] cheese - login => username:admin2,password:123456
[2019-11-29T13:19:50.568] [DEBUG] cheese - admin2
[2019-11-29T13:19:50.570] [DEBUG] cheese - null
[2019-11-29T13:19:50.570] [DEBUG] cheese - null
[2019-11-29T13:19:50.759] [DEBUG] cheese - login => username:admin2,password:123456
[2019-11-29T13:19:50.759] [DEBUG] cheese - admin2
[2019-11-29T13:19:50.761] [DEBUG] cheese - null
[2019-11-29T13:19:50.761] [DEBUG] cheese - null
[2019-11-29T13:19:53.401] [DEBUG] cheese - login => username:admin2,password:123456
[2019-11-29T13:19:53.401] [DEBUG] cheese - admin2
[2019-11-29T13:19:53.402] [DEBUG] cheese - null
[2019-11-29T13:19:53.402] [DEBUG] cheese - null
[2019-11-29T13:19:53.872] [DEBUG] cheese - login => username:admin2,password:123456
[2019-11-29T13:19:53.872] [DEBUG] cheese - admin2
[2019-11-29T13:19:53.875] [DEBUG] cheese - null
[2019-11-29T13:19:53.875] [DEBUG] cheese - null
[2019-11-29T13:19:54.079] [DEBUG] cheese - login => username:admin2,password:123456
[2019-11-29T13:19:54.079] [DEBUG] cheese - admin2
[2019-11-29T13:19:54.081] [DEBUG] cheese - null
[2019-11-29T13:19:54.081] [DEBUG] cheese - null
[2019-11-29T13:19:54.272] [DEBUG] cheese - login => username:admin2,password:123456
[2019-11-29T13:19:54.272] [DEBUG] cheese - admin2
[2019-11-29T13:19:54.274] [DEBUG] cheese - null
[2019-11-29T13:19:54.274] [DEBUG] cheese - null
[2019-11-29T13:19:56.168] [DEBUG] cheese - login => username:admin2,password:123456
[2019-11-29T13:19:56.168] [DEBUG] cheese - admin2
[2019-11-29T13:19:56.170] [DEBUG] cheese - null
[2019-11-29T13:19:56.170] [DEBUG] cheese - null
[2019-11-29T13:19:57.208] [DEBUG] cheese - login => username:admin2,password:123456
[2019-11-29T13:19:57.208] [DEBUG] cheese - admin2
[2019-11-29T13:19:57.210] [DEBUG] cheese - null
[2019-11-29T13:19:57.210] [DEBUG] cheese - null
[2019-11-29T13:19:57.800] [DEBUG] cheese - login => username:admin2,password:123456
[2019-11-29T13:19:57.800] [DEBUG] cheese - admin2
[2019-11-29T13:19:57.802] [DEBUG] cheese - null
[2019-11-29T13:19:57.802] [DEBUG] cheese - null
[2019-11-29T13:20:02.362] [DEBUG] cheese - login => username:admin2,password:123456
[2019-11-29T13:20:02.362] [DEBUG] cheese - admin2
[2019-11-29T13:20:02.365] [DEBUG] cheese - null
[2019-11-29T13:20:02.365] [DEBUG] cheese - null
[2019-11-29T13:20:05.983] [DEBUG] cheese - login => username:admin2,password:123456
[2019-11-29T13:20:05.983] [DEBUG] cheese - admin2
[2019-11-29T13:20:05.986] [DEBUG] cheese - null
[2019-11-29T13:20:05.986] [DEBUG] cheese - null
[2019-11-29T13:20:06.671] [DEBUG] cheese - login => username:admin2,password:123456
[2019-11-29T13:20:06.672] [DEBUG] cheese - admin2
[2019-11-29T13:20:06.674] [DEBUG] cheese - null
[2019-11-29T13:20:06.674] [DEBUG] cheese - null
[2019-11-29T13:20:06.879] [DEBUG] cheese - login => username:admin2,password:123456
[2019-11-29T13:20:06.879] [DEBUG] cheese - admin2
[2019-11-29T13:20:06.881] [DEBUG] cheese - null
[2019-11-29T13:20:06.881] [DEBUG] cheese - null
[2019-11-29T13:20:07.072] [DEBUG] cheese - login => username:admin2,password:123456
[2019-11-29T13:20:07.073] [DEBUG] cheese - admin2
[2019-11-29T13:20:07.075] [DEBUG] cheese - null
[2019-11-29T13:20:07.075] [DEBUG] cheese - null
[2019-11-29T13:20:21.009] [DEBUG] cheese - login => username:admin2,password:123456
[2019-11-29T13:20:21.009] [DEBUG] cheese - admin2
[2019-11-29T13:20:21.011] [DEBUG] cheese - null
[2019-11-29T13:20:21.011] [DEBUG] cheese - null
[2019-11-29T13:21:00.581] [DEBUG] cheese - login => username:admin2,password:123456
[2019-11-29T13:21:00.581] [DEBUG] cheese - admin2
[2019-11-29T13:21:00.583] [DEBUG] cheese - null
[2019-11-29T13:21:00.583] [DEBUG] cheese - null
[2019-11-29T13:21:04.208] [DEBUG] cheese - login => username:admin,password:123456
[2019-11-29T13:21:04.209] [DEBUG] cheese - admin
[2019-11-29T13:21:04.210] [DEBUG] cheese - null
[2019-11-29T13:21:04.210] [DEBUG] cheese - null
[2019-11-30T13:25:03.339] [DEBUG] cheese - login => username:admin,password:123456
[2019-11-30T13:25:03.340] [DEBUG] cheese - admin
[2019-11-30T13:25:03.353] [DEBUG] cheese - null
[2019-11-30T13:25:03.353] [DEBUG] cheese - null
[2019-11-30T13:25:22.109] [DEBUG] cheese - login => username:admin,password:123456
[2019-11-30T13:25:22.109] [DEBUG] cheese - admin
[2019-11-30T13:25:22.112] [DEBUG] cheese - null
[2019-11-30T13:25:22.112] [DEBUG] cheese - null
